<?xml version="1.0" encoding="UTF-8"?>
<Site BuildName="Linux-g++"
	BuildStamp="20240317-2245-Experimental"
	Name="ASUS"
	Generator="ctest-3.22.1"
	CompilerName="/usr/bin/g++"
	CompilerVersion="11.4.0"
	OSName="Linux"
	Hostname="ASUS"
	OSRelease="6.5.0-25-generic"
	OSVersion="#25~22.04.1-Ubuntu SMP PREEMPT_DYNAMIC Tue Feb 20 16:09:15 UTC 2"
	OSPlatform="x86_64"
	Is64Bits="1"
	VendorString="GenuineIntel"
	VendorID="Intel Corporation"
	FamilyID="6"
	ModelID="186"
	ProcessorCacheSize="24576"
	NumberOfLogicalCPU="16"
	NumberOfPhysicalCPU="10"
	TotalVirtualMemory="2047"
	TotalPhysicalMemory="15606"
	LogicalProcessorsPerPhysical="1"
	ProcessorClockFrequency="3743.64"
	>
	<Testing>
		<StartDateTime>Mar 17 19:00 EDT</StartDateTime>
		<StartTestTime>1710716449</StartTestTime>
		<TestList/>
		<EndDateTime>Mar 17 19:00 EDT</EndDateTime>
		<EndTestTime>1710716449</EndTestTime>
		<ElapsedMinutes>0</ElapsedMinutes>
	</Testing>
</Site>
